TN:
SF:src/modules/clients/services/CreateClientService.ts
FN:35,CreateClientService
FN:47,Object.<anonymous>.CreateClientService.execute
FNF:2
FNH:2
FNDA:7,CreateClientService
FNDA:11,Object.<anonymous>.CreateClientService.execute
DA:1,1
DA:2,1
DA:3,1
DA:4,1
DA:5,1
DA:6,1
DA:7,1
DA:8,1
DA:9,1
DA:10,1
DA:11,1
DA:12,1
DA:13,1
DA:14,1
DA:15,1
DA:16,1
DA:17,1
DA:18,1
DA:19,1
DA:20,1
DA:21,1
DA:22,1
DA:23,1
DA:24,1
DA:25,1
DA:26,1
DA:27,1
DA:28,1
DA:29,1
DA:30,1
DA:31,1
DA:32,1
DA:33,1
DA:34,3
DA:35,3
DA:36,7
DA:37,7
DA:38,7
DA:39,7
DA:40,7
DA:41,7
DA:42,7
DA:43,7
DA:44,7
DA:45,3
DA:46,3
DA:47,3
DA:48,11
DA:49,11
DA:50,11
DA:51,11
DA:52,11
DA:53,11
DA:54,11
DA:55,11
DA:56,11
DA:57,11
DA:58,11
DA:59,11
DA:60,11
DA:61,11
DA:62,11
DA:63,11
DA:64,11
DA:65,1
DA:66,1
DA:67,10
DA:68,10
DA:69,10
DA:70,10
DA:71,10
DA:72,10
DA:73,10
DA:74,10
DA:75,10
DA:76,11
DA:77,11
DA:78,11
DA:79,11
DA:80,11
DA:81,11
DA:82,11
DA:83,11
DA:84,11
DA:85,11
DA:86,11
DA:87,11
DA:88,11
DA:89,11
DA:90,11
DA:91,11
DA:92,11
DA:93,11
DA:94,3
DA:95,1
DA:96,1
LF:96
LH:96
BRDA:34,0,0,3
BRDA:35,1,0,7
BRDA:47,2,0,11
BRDA:62,3,0,11
BRDA:64,4,0,1
BRDA:67,5,0,10
BRF:6
BRH:6
end_of_record
TN:
SF:src/modules/clients/services/ListClientsService.ts
FN:8,ListClientsService
FN:13,Object.<anonymous>.ListClientsService.execute
FNF:2
FNH:2
FNDA:1,ListClientsService
FNDA:1,Object.<anonymous>.ListClientsService.execute
DA:1,1
DA:2,1
DA:3,1
DA:4,1
DA:5,1
DA:6,1
DA:7,1
DA:8,1
DA:9,1
DA:10,1
DA:11,1
DA:12,1
DA:13,1
DA:14,1
DA:15,1
DA:16,1
DA:17,1
DA:18,1
DA:19,1
DA:20,1
LF:20
LH:20
BRDA:7,0,0,1
BRDA:8,1,0,1
BRDA:13,2,0,1
BRDA:14,3,0,1
BRF:4
BRH:4
end_of_record
TN:
SF:src/modules/clients/services/UpdateClientService.ts
FN:32,UpdateClientService
FN:40,Object.<anonymous>.UpdateClientService.execute
FNF:2
FNH:2
FNDA:4,UpdateClientService
FNDA:4,Object.<anonymous>.UpdateClientService.execute
DA:1,1
DA:2,1
DA:3,1
DA:4,1
DA:5,1
DA:6,1
DA:7,1
DA:8,1
DA:9,1
DA:10,1
DA:11,1
DA:12,1
DA:13,1
DA:14,1
DA:15,1
DA:16,1
DA:17,1
DA:18,1
DA:19,1
DA:20,1
DA:21,1
DA:22,1
DA:23,1
DA:24,1
DA:25,1
DA:26,1
DA:27,1
DA:28,1
DA:29,1
DA:30,1
DA:31,1
DA:32,1
DA:33,4
DA:34,4
DA:35,4
DA:36,4
DA:37,4
DA:38,4
DA:39,1
DA:40,1
DA:41,4
DA:42,4
DA:43,4
DA:44,4
DA:45,4
DA:46,4
DA:47,4
DA:48,4
DA:49,4
DA:50,4
DA:51,4
DA:52,4
DA:53,4
DA:54,4
DA:55,4
DA:56,4
DA:57,4
DA:58,4
DA:59,1
DA:60,1
DA:61,3
DA:62,3
DA:63,4
DA:64,4
DA:65,1
DA:66,1
DA:67,2
DA:68,2
DA:69,4
DA:70,4
DA:71,1
DA:72,1
DA:73,1
DA:74,1
DA:75,1
DA:76,1
DA:77,1
DA:78,1
DA:79,1
DA:80,1
DA:81,1
DA:82,1
DA:83,1
DA:84,1
DA:85,1
DA:86,1
DA:87,1
DA:88,1
DA:89,4
DA:90,4
DA:91,4
DA:92,4
DA:93,1
DA:94,1
DA:95,1
LF:95
LH:95
BRDA:31,0,0,1
BRDA:32,1,0,4
BRDA:40,2,0,4
BRDA:56,3,0,4
BRDA:58,4,0,1
BRDA:61,5,0,3
BRDA:64,6,0,1
BRDA:67,7,0,2
BRDA:70,8,0,1
BRF:9
BRH:9
end_of_record
TN:
SF:src/modules/medicalCares/services/CreateMedicalCareAppointmentService.ts
FN:1,(empty-report)
FNF:1
FNH:0
FNDA:0,(empty-report)
DA:1,0
DA:2,0
DA:3,0
DA:4,0
DA:5,0
DA:6,0
DA:7,0
DA:8,0
DA:9,0
DA:10,0
DA:11,0
DA:12,0
DA:13,0
DA:14,0
DA:15,0
DA:16,0
DA:17,0
DA:18,0
DA:19,0
DA:20,0
DA:21,0
DA:22,0
DA:23,0
DA:24,0
DA:25,0
DA:26,0
DA:27,0
DA:28,0
DA:29,0
DA:30,0
DA:31,0
DA:32,0
DA:33,0
DA:34,0
DA:35,0
DA:36,0
DA:37,0
DA:38,0
DA:39,0
DA:40,0
DA:41,0
DA:42,0
DA:43,0
DA:44,0
DA:45,0
DA:46,0
DA:47,0
DA:48,0
DA:49,0
DA:50,0
DA:51,0
DA:52,0
DA:53,0
DA:54,0
DA:55,0
DA:56,0
DA:57,0
DA:58,0
DA:59,0
DA:60,0
LF:60
LH:0
BRDA:1,0,0,0
BRF:1
BRH:0
end_of_record
TN:
SF:src/modules/specialists/services/CreateProfessionService.ts
FN:8,CreateProfessionService
FN:13,Object.<anonymous>.CreateProfessionService.execute
FNF:2
FNH:2
FNDA:2,CreateProfessionService
FNDA:3,Object.<anonymous>.CreateProfessionService.execute
DA:1,1
DA:2,1
DA:3,1
DA:4,1
DA:5,1
DA:6,1
DA:7,1
DA:8,1
DA:9,2
DA:10,2
DA:11,2
DA:12,1
DA:13,1
DA:14,3
DA:15,3
DA:16,3
DA:17,1
DA:18,1
DA:19,2
DA:20,2
DA:21,3
DA:22,3
DA:23,3
DA:24,1
DA:25,1
DA:26,1
LF:26
LH:26
BRDA:7,0,0,1
BRDA:8,1,0,2
BRDA:13,2,0,3
BRDA:14,3,0,3
BRDA:16,4,0,1
BRDA:19,5,0,2
BRF:6
BRH:6
end_of_record
TN:
SF:src/modules/specialists/services/CreateSpecialistService.ts
FN:33,CreateSpecialistService
FN:44,Object.<anonymous>.CreateSpecialistService.execute
FNF:2
FNH:2
FNDA:3,CreateSpecialistService
FNDA:6,Object.<anonymous>.CreateSpecialistService.execute
DA:1,1
DA:2,1
DA:3,1
DA:4,1
DA:5,1
DA:6,1
DA:7,1
DA:8,1
DA:9,1
DA:10,1
DA:11,1
DA:12,1
DA:13,1
DA:14,1
DA:15,1
DA:16,1
DA:17,1
DA:18,1
DA:19,1
DA:20,1
DA:21,1
DA:22,1
DA:23,1
DA:24,1
DA:25,1
DA:26,1
DA:27,1
DA:28,1
DA:29,1
DA:30,1
DA:31,1
DA:32,2
DA:33,2
DA:34,3
DA:35,3
DA:36,3
DA:37,3
DA:38,3
DA:39,3
DA:40,3
DA:41,3
DA:42,3
DA:43,2
DA:44,2
DA:45,6
DA:46,6
DA:47,6
DA:48,6
DA:49,6
DA:50,6
DA:51,6
DA:52,6
DA:53,6
DA:54,6
DA:55,6
DA:56,6
DA:57,6
DA:58,6
DA:59,6
DA:60,6
DA:61,1
DA:62,1
DA:63,5
DA:64,5
DA:65,6
DA:66,6
DA:67,3
DA:68,6
DA:69,6
DA:70,6
DA:71,5
DA:72,5
DA:73,5
DA:74,5
DA:75,5
DA:76,5
DA:77,5
DA:78,6
DA:79,6
DA:80,6
DA:81,6
DA:82,6
DA:83,6
DA:84,6
DA:85,6
DA:86,6
DA:87,6
DA:88,6
DA:89,6
DA:90,6
DA:91,2
DA:92,1
DA:93,1
LF:93
LH:93
BRDA:32,0,0,2
BRDA:33,1,0,3
BRDA:44,2,0,6
BRDA:58,3,0,6
BRDA:60,4,0,1
BRDA:63,5,0,5
BRDA:66,6,0,2
BRDA:66,7,0,3
BRDA:70,8,0,5
BRF:9
BRH:9
end_of_record
TN:
SF:src/modules/specialists/services/ListProfessionsService.ts
FN:1,(empty-report)
FNF:1
FNH:0
FNDA:0,(empty-report)
DA:1,0
DA:2,0
DA:3,0
DA:4,0
DA:5,0
DA:6,0
DA:7,0
DA:8,0
DA:9,0
DA:10,0
DA:11,0
DA:12,0
DA:13,0
DA:14,0
DA:15,0
DA:16,0
DA:17,0
DA:18,0
DA:19,0
LF:19
LH:0
BRDA:1,0,0,0
BRF:1
BRH:0
end_of_record
TN:
SF:src/modules/specialists/services/ListSpecialistsService.ts
FN:8,ListSpecialistsService
FN:12,Object.<anonymous>.ListSpecialistsService.execute
FNF:2
FNH:2
FNDA:1,ListSpecialistsService
FNDA:1,Object.<anonymous>.ListSpecialistsService.execute
DA:1,1
DA:2,1
DA:3,1
DA:4,1
DA:5,1
DA:6,1
DA:7,1
DA:8,1
DA:9,1
DA:10,1
DA:11,1
DA:12,1
DA:13,1
DA:14,1
DA:15,1
DA:16,1
DA:17,1
DA:18,1
DA:19,1
LF:19
LH:19
BRDA:7,0,0,1
BRDA:8,1,0,1
BRDA:12,2,0,1
BRF:3
BRH:3
end_of_record
TN:
SF:src/modules/users/services/AuthenticateUserService.ts
FN:22,AuthenticateUserService
FN:30,Object.<anonymous>.AuthenticateUserService.execute
FNF:2
FNH:2
FNDA:3,AuthenticateUserService
FNDA:3,Object.<anonymous>.AuthenticateUserService.execute
DA:1,1
DA:2,1
DA:3,1
DA:4,1
DA:5,1
DA:6,1
DA:7,1
DA:8,1
DA:9,1
DA:10,1
DA:11,1
DA:12,1
DA:13,1
DA:14,1
DA:15,1
DA:16,1
DA:17,1
DA:18,1
DA:19,1
DA:20,1
DA:21,1
DA:22,1
DA:23,3
DA:24,3
DA:25,3
DA:26,3
DA:27,3
DA:28,3
DA:29,1
DA:30,1
DA:31,3
DA:32,3
DA:33,3
DA:34,1
DA:35,1
DA:36,2
DA:37,2
DA:38,3
DA:39,3
DA:40,1
DA:41,1
DA:42,1
DA:43,1
DA:44,1
DA:45,1
DA:46,1
DA:47,1
DA:48,1
DA:49,1
DA:50,1
DA:51,1
DA:52,1
DA:53,1
DA:54,3
DA:55,1
DA:56,1
DA:57,1
LF:57
LH:57
BRDA:21,0,0,1
BRDA:22,1,0,3
BRDA:30,2,0,3
BRDA:31,3,0,3
BRDA:33,4,0,1
BRDA:36,5,0,2
BRDA:39,6,0,1
BRF:7
BRH:7
end_of_record
TN:
SF:src/modules/users/services/CreateUserService.ts
FN:16,CreateUserService
FN:25,Object.<anonymous>.CreateUserService.execute
FNF:2
FNH:2
FNDA:2,CreateUserService
FNDA:3,Object.<anonymous>.CreateUserService.execute
DA:1,1
DA:2,1
DA:3,1
DA:4,1
DA:5,1
DA:6,1
DA:7,1
DA:8,1
DA:9,1
DA:10,1
DA:11,1
DA:12,1
DA:13,1
DA:14,1
DA:15,1
DA:16,1
DA:17,2
DA:18,2
DA:19,2
DA:20,2
DA:21,2
DA:22,2
DA:23,1
DA:24,1
DA:25,1
DA:26,3
DA:27,3
DA:28,3
DA:29,1
DA:30,1
DA:31,2
DA:32,2
DA:33,3
DA:34,3
DA:35,3
DA:36,3
DA:37,3
DA:38,3
DA:39,3
DA:40,3
DA:41,3
DA:42,1
DA:43,1
DA:44,1
LF:44
LH:44
BRDA:15,0,0,1
BRDA:16,1,0,2
BRDA:25,2,0,3
BRDA:26,3,0,3
BRDA:28,4,0,1
BRDA:31,5,0,2
BRF:6
BRH:6
end_of_record
